Using pre-set license
Built from '2021.3/staging' branch; Version is '2021.3.25f1 (68ef2c4f8861) revision 6876972'; Using compiler version '192829333'; Build Type 'Release'
OS: 'Windows 11  (10.0.22621) 64bit Professional' Language: 'es' Physical Memory: 32699 MB
BatchMode: 1, IsHumanControllingUs: 0, StartBugReporterOnCrash: 0, Is64bit: 1, IsPro: 1

COMMAND LINE ARGUMENTS:
C:\Users\maric\Downloads\2021.3.25f1\Editor\Unity.exe
-adb2
-batchMode
-noUpm
-name
AssetImportWorker2
-projectPath
C:/Users/maric/Documents/GitHub/Proyecto_G5/Proyecto/ProyectoF_Estruc_Videojuegos_G5
-logFile
Logs/AssetImportWorker2.log
-srvPort
57298
Successfully changed project path to: C:/Users/maric/Documents/GitHub/Proyecto_G5/Proyecto/ProyectoF_Estruc_Videojuegos_G5
C:/Users/maric/Documents/GitHub/Proyecto_G5/Proyecto/ProyectoF_Estruc_Videojuegos_G5
[UnityMemory] Configuration Parameters - Can be set up in boot.config
    "memorysetup-bucket-allocator-granularity=16"
    "memorysetup-bucket-allocator-bucket-count=8"
    "memorysetup-bucket-allocator-block-size=33554432"
    "memorysetup-bucket-allocator-block-count=8"
    "memorysetup-main-allocator-block-size=16777216"
    "memorysetup-thread-allocator-block-size=16777216"
    "memorysetup-gfx-main-allocator-block-size=16777216"
    "memorysetup-gfx-thread-allocator-block-size=16777216"
    "memorysetup-cache-allocator-block-size=4194304"
    "memorysetup-typetree-allocator-block-size=2097152"
    "memorysetup-profiler-bucket-allocator-granularity=16"
    "memorysetup-profiler-bucket-allocator-bucket-count=8"
    "memorysetup-profiler-bucket-allocator-block-size=33554432"
    "memorysetup-profiler-bucket-allocator-block-count=8"
    "memorysetup-profiler-allocator-block-size=16777216"
    "memorysetup-profiler-editor-allocator-block-size=1048576"
    "memorysetup-temp-allocator-size-main=16777216"
    "memorysetup-job-temp-allocator-block-size=2097152"
    "memorysetup-job-temp-allocator-block-size-background=1048576"
    "memorysetup-job-temp-allocator-reduction-small-platforms=262144"
    "memorysetup-temp-allocator-size-background-worker=32768"
    "memorysetup-temp-allocator-size-job-worker=262144"
    "memorysetup-temp-allocator-size-preload-manager=33554432"
    "memorysetup-temp-allocator-size-nav-mesh-worker=65536"
    "memorysetup-temp-allocator-size-audio-worker=65536"
    "memorysetup-temp-allocator-size-cloud-worker=32768"
    "memorysetup-temp-allocator-size-gi-baking-worker=262144"
    "memorysetup-temp-allocator-size-gfx=262144"
Player connection [21788] Host "[IP] 192.168.86.28 [Port] 0 [Flags] 2 [Guid] 1254714719 [EditorId] 1254714719 [Version] 1048832 [Id] WindowsEditor(7,Mari) [Debug] 1 [PackageName] WindowsEditor [ProjectName] Editor" joined multi-casting on [225.0.0.222:54997]...

Player connection [21788] Host "[IP] 192.168.86.28 [Port] 0 [Flags] 2 [Guid] 1254714719 [EditorId] 1254714719 [Version] 1048832 [Id] WindowsEditor(7,Mari) [Debug] 1 [PackageName] WindowsEditor [ProjectName] Editor" joined alternative multi-casting on [225.0.0.222:34997]...

Refreshing native plugins compatible for Editor in 190.81 ms, found 4 plugins.
Preloading 0 native plugins for Editor in 0.00 ms.
Initialize engine version: 2021.3.25f1 (68ef2c4f8861)
[Subsystems] Discovering subsystems at path C:/Users/maric/Downloads/2021.3.25f1/Editor/Data/Resources/UnitySubsystems
[Subsystems] Discovering subsystems at path C:/Users/maric/Documents/GitHub/Proyecto_G5/Proyecto/ProyectoF_Estruc_Videojuegos_G5/Assets
GfxDevice: creating device client; threaded=0; jobified=0
Direct3D:
    Version:  Direct3D 11.0 [level 11.1]
    Renderer: NVIDIA GeForce RTX 3060 (ID=0x2504)
    Vendor:   NVIDIA
    VRAM:     12129 MB
    Driver:   31.0.15.3699
Initialize mono
Mono path[0] = 'C:/Users/maric/Downloads/2021.3.25f1/Editor/Data/Managed'
Mono path[1] = 'C:/Users/maric/Downloads/2021.3.25f1/Editor/Data/MonoBleedingEdge/lib/mono/unityjit-win32'
Mono config path = 'C:/Users/maric/Downloads/2021.3.25f1/Editor/Data/MonoBleedingEdge/etc'
Using monoOptions --debugger-agent=transport=dt_socket,embedding=1,server=y,suspend=n,address=127.0.0.1:56524
Begin MonoManager ReloadAssembly
Registering precompiled unity dll's ...
Register platform support module: C:/Users/maric/Downloads/2021.3.25f1/Editor/Data/PlaybackEngines/WindowsStandaloneSupport/UnityEditor.WindowsStandalone.Extensions.dll
Registered in 0.007546 seconds.
Native extension for WindowsStandalone target not found
Refreshing native plugins compatible for Editor in 130.75 ms, found 4 plugins.
Preloading 0 native plugins for Editor in 0.00 ms.
Mono: successfully reloaded assembly
- Completed reload, in  0.921 seconds
Domain Reload Profiling:
	ReloadAssembly (922ms)
		BeginReloadAssembly (117ms)
			ExecutionOrderSort (0ms)
			DisableScriptedObjects (0ms)
			BackupInstance (0ms)
			ReleaseScriptingObjects (0ms)
			CreateAndSetChildDomain (1ms)
		EndReloadAssembly (661ms)
			LoadAssemblies (114ms)
			RebuildTransferFunctionScriptingTraits (0ms)
			SetupTypeCache (154ms)
			ReleaseScriptCaches (0ms)
			RebuildScriptCaches (36ms)
			SetupLoadedEditorAssemblies (397ms)
				LogAssemblyErrors (0ms)
				InitializePlatformSupportModulesInManaged (10ms)
				SetLoadedEditorAssemblies (0ms)
				RefreshPlugins (131ms)
				BeforeProcessingInitializeOnLoad (2ms)
				ProcessInitializeOnLoadAttributes (186ms)
				ProcessInitializeOnLoadMethodAttributes (67ms)
				AfterProcessingInitializeOnLoad (0ms)
				EditorAssembliesLoaded (0ms)
			ExecutionOrderSort2 (0ms)
			AwakeInstancesAfterBackupRestoration (0ms)
Platform modules already initialized, skipping
Registering precompiled user dll's ...
Registered in 0.010261 seconds.
Begin MonoManager ReloadAssembly
Symbol file LoadedFromMemory doesn't match image C:\Users\maric\Documents\GitHub\Proyecto_G5\Proyecto\ProyectoF_Estruc_Videojuegos_G5\Library\PackageCache\com.unity.visualscripting@1.8.0\Editor\VisualScripting.Core\Dependencies\YamlDotNet\Unity.VisualScripting.YamlDotNet.dll
Symbol file LoadedFromMemory doesn't match image C:\Users\maric\Documents\GitHub\Proyecto_G5\Proyecto\ProyectoF_Estruc_Videojuegos_G5\Library\PackageCache\com.unity.visualscripting@1.8.0\Editor\VisualScripting.Core\Dependencies\DotNetZip\Unity.VisualScripting.IonicZip.dll
Native extension for WindowsStandalone target not found
Refreshing native plugins compatible for Editor in 135.73 ms, found 4 plugins.
Preloading 0 native plugins for Editor in 0.00 ms.
Mono: successfully reloaded assembly
- Completed reload, in  1.631 seconds
Domain Reload Profiling:
	ReloadAssembly (1632ms)
		BeginReloadAssembly (164ms)
			ExecutionOrderSort (0ms)
			DisableScriptedObjects (9ms)
			BackupInstance (0ms)
			ReleaseScriptingObjects (0ms)
			CreateAndSetChildDomain (23ms)
		EndReloadAssembly (1297ms)
			LoadAssemblies (133ms)
			RebuildTransferFunctionScriptingTraits (0ms)
			SetupTypeCache (341ms)
			ReleaseScriptCaches (1ms)
			RebuildScriptCaches (76ms)
			SetupLoadedEditorAssemblies (685ms)
				LogAssemblyErrors (0ms)
				InitializePlatformSupportModulesInManaged (6ms)
				SetLoadedEditorAssemblies (0ms)
				RefreshPlugins (136ms)
				BeforeProcessingInitializeOnLoad (130ms)
				ProcessInitializeOnLoadAttributes (343ms)
				ProcessInitializeOnLoadMethodAttributes (57ms)
				AfterProcessingInitializeOnLoad (12ms)
				EditorAssembliesLoaded (0ms)
			ExecutionOrderSort2 (0ms)
			AwakeInstancesAfterBackupRestoration (8ms)
Platform modules already initialized, skipping
========================================================================
Worker process is ready to serve import requests
Launched and connected shader compiler UnityShaderCompiler.exe after 0.06 seconds
Refreshing native plugins compatible for Editor in 1.03 ms, found 4 plugins.
Preloading 0 native plugins for Editor in 0.00 ms.
Unloading 3785 Unused Serialized files (Serialized files now loaded: 0)
Unloading 35 unused Assets / (56.1 KB). Loaded Objects now: 4245.
Memory consumption went from 147.5 MB to 147.4 MB.
Total: 4.168300 ms (FindLiveObjects: 0.423100 ms CreateObjectMapping: 0.118900 ms MarkObjects: 3.525400 ms  DeleteObjects: 0.099200 ms)

AssetImportParameters requested are different than current active one (requested -> active):
  custom:video-decoder-ogg-theora: a1e56fd34408186e4bbccfd4996cb3dc -> 
  custom:container-muxer-webm: aa71ff27fc2769a1b78a27578f13a17b -> 
  custom:container-demuxer-webm: 4f35f7cbe854078d1ac9338744f61a02 -> 
  custom:video-encoder-webm-vp8: eb34c28f22e8b96e1ab97ce403110664 -> 
  custom:video-codec-MediaFoundation-h265: 746d11721c4dcdbdad8f713fa42b33f4 -> 
  custom:audio-encoder-webm-vorbis: bf7c407c2cedff20999df2af8eb42d56 -> 
  custom:framework-win-MediaFoundation: 216162199b28c13a410421893ffa2e32 -> 
  custom:container-demuxer-ogg: 62fdf1f143b41e24485cea50d1cbac27 -> 
  custom:video-decoder-webm-vp8: 9c59270c3fd7afecdb556c50c9e8de78 -> 
  custom:audio-decoder-ogg-vorbis: bf7c407c2cedff20999df2af8eb42d56 -> 
========================================================================
Received Import Request.
  Time since last request: 498462.670479 seconds.
  path: Assets/Sprites/Personajes/Orc/Walking/0_Orc_Walking_000.png
  artifactKey: Guid(b82d5eb86d5e79a4ea28ea2dcfbd4da8) Importer(815301076,1909f56bfc062723c751e8b465ee728b)
Start importing Assets/Sprites/Personajes/Orc/Walking/0_Orc_Walking_000.png using Guid(b82d5eb86d5e79a4ea28ea2dcfbd4da8) Importer(815301076,1909f56bfc062723c751e8b465ee728b)  -> (artifact id: '98f2ed19f12adc556c2cdbc6cacd97e1') in 0.294184 seconds 
========================================================================
Received Import Request.
  Time since last request: 0.000053 seconds.
  path: Assets/Sprites/Personajes/Orc/Walking/0_Orc_Walking_009.png
  artifactKey: Guid(062a67a0877f96245bd6b496e33d53c5) Importer(815301076,1909f56bfc062723c751e8b465ee728b)
Start importing Assets/Sprites/Personajes/Orc/Walking/0_Orc_Walking_009.png using Guid(062a67a0877f96245bd6b496e33d53c5) Importer(815301076,1909f56bfc062723c751e8b465ee728b)  -> (artifact id: '2a598e8fecc90ea09736297b9d95a456') in 0.096149 seconds 
========================================================================
Received Import Request.
  Time since last request: 0.000063 seconds.
  path: Assets/Sprites/Personajes/Orc/Walking/0_Orc_Walking_004.png
  artifactKey: Guid(e5de87041531147458eba35b241feda7) Importer(815301076,1909f56bfc062723c751e8b465ee728b)
Start importing Assets/Sprites/Personajes/Orc/Walking/0_Orc_Walking_004.png using Guid(e5de87041531147458eba35b241feda7) Importer(815301076,1909f56bfc062723c751e8b465ee728b)  -> (artifact id: '3c6424e5d7a3fab5d46fedfb880dcd26') in 0.081341 seconds 
========================================================================
Received Import Request.
  Time since last request: 0.000035 seconds.
  path: Assets/Sprites/Personajes/Orc/Walking/0_Orc_Walking_015.png
  artifactKey: Guid(1d99df0f51b63b645a0ca538b682b310) Importer(815301076,1909f56bfc062723c751e8b465ee728b)
Start importing Assets/Sprites/Personajes/Orc/Walking/0_Orc_Walking_015.png using Guid(1d99df0f51b63b645a0ca538b682b310) Importer(815301076,1909f56bfc062723c751e8b465ee728b)  -> (artifact id: '10e46a6e1b8cf21e806775474c60e5c4') in 0.116039 seconds 
========================================================================
Received Import Request.
  Time since last request: 0.000037 seconds.
  path: Assets/Sprites/Personajes/Orc/Walking/0_Orc_Walking_010.png
  artifactKey: Guid(b2e5ad7d098b56849b8640ee483255e0) Importer(815301076,1909f56bfc062723c751e8b465ee728b)
Start importing Assets/Sprites/Personajes/Orc/Walking/0_Orc_Walking_010.png using Guid(b2e5ad7d098b56849b8640ee483255e0) Importer(815301076,1909f56bfc062723c751e8b465ee728b)  -> (artifact id: 'c5f2befac4480d5deaa57a4f891db683') in 0.094955 seconds 
========================================================================
Received Import Request.
  Time since last request: 0.000046 seconds.
  path: Assets/Sprites/Personajes/Orc/Walking/0_Orc_Walking_014.png
  artifactKey: Guid(845d9d9dcce5f04499d120495431fef1) Importer(815301076,1909f56bfc062723c751e8b465ee728b)
Start importing Assets/Sprites/Personajes/Orc/Walking/0_Orc_Walking_014.png using Guid(845d9d9dcce5f04499d120495431fef1) Importer(815301076,1909f56bfc062723c751e8b465ee728b)  -> (artifact id: 'ace22da1e79f3e08d6ca1f5f4b69ec41') in 0.091181 seconds 
========================================================================
Received Import Request.
  Time since last request: 10.477452 seconds.
  path: Assets/Sprites/Personajes/Orc/Running/0_Orc_Running_000.png
  artifactKey: Guid(e411ea6ef8beeee49b7aa2958720d489) Importer(815301076,1909f56bfc062723c751e8b465ee728b)
Start importing Assets/Sprites/Personajes/Orc/Running/0_Orc_Running_000.png using Guid(e411ea6ef8beeee49b7aa2958720d489) Importer(815301076,1909f56bfc062723c751e8b465ee728b)  -> (artifact id: '730523c375237ad4fd175176528e5383') in 0.111574 seconds 
========================================================================
Received Import Request.
  Time since last request: 0.000032 seconds.
  path: Assets/Sprites/Personajes/Orc/Running/0_Orc_Running_006.png
  artifactKey: Guid(6ef7708384634ba4b8d228404055731f) Importer(815301076,1909f56bfc062723c751e8b465ee728b)
Start importing Assets/Sprites/Personajes/Orc/Running/0_Orc_Running_006.png using Guid(6ef7708384634ba4b8d228404055731f) Importer(815301076,1909f56bfc062723c751e8b465ee728b)  -> (artifact id: 'b8165e153c848c873a92148fbc796e63') in 0.128100 seconds 
========================================================================
Received Import Request.
  Time since last request: 0.000054 seconds.
  path: Assets/Sprites/Personajes/Orc/Running/0_Orc_Running_005.png
  artifactKey: Guid(93adb924dfa0a1b428eb7859d6c241bb) Importer(815301076,1909f56bfc062723c751e8b465ee728b)
Start importing Assets/Sprites/Personajes/Orc/Running/0_Orc_Running_005.png using Guid(93adb924dfa0a1b428eb7859d6c241bb) Importer(815301076,1909f56bfc062723c751e8b465ee728b)  -> (artifact id: '04506e3b519d0c5c2d81ebe1567be60a') in 0.129060 seconds 
========================================================================
Received Import Request.
  Time since last request: 0.000034 seconds.
  path: Assets/Sprites/Personajes/Orc/Running/0_Orc_Running_004.png
  artifactKey: Guid(aa472e8b32e0844419834c63666f9880) Importer(815301076,1909f56bfc062723c751e8b465ee728b)
Start importing Assets/Sprites/Personajes/Orc/Running/0_Orc_Running_004.png using Guid(aa472e8b32e0844419834c63666f9880) Importer(815301076,1909f56bfc062723c751e8b465ee728b)  -> (artifact id: '82d9330ff450873ae1eaf27a3233a121') in 0.102844 seconds 
========================================================================
Received Import Request.
  Time since last request: 0.162364 seconds.
  path: Assets/Sprites/Personajes/Orc/Idle/0_Orc_Idle_001.png
  artifactKey: Guid(2868f5d4dde733540a7d0a3c24360731) Importer(815301076,1909f56bfc062723c751e8b465ee728b)
Start importing Assets/Sprites/Personajes/Orc/Idle/0_Orc_Idle_001.png using Guid(2868f5d4dde733540a7d0a3c24360731) Importer(815301076,1909f56bfc062723c751e8b465ee728b)  -> (artifact id: '5c91a76dae9512624b8d2539bf92ae9b') in 0.093545 seconds 
========================================================================
Received Import Request.
  Time since last request: 0.000029 seconds.
  path: Assets/Sprites/Personajes/Orc/Idle/0_Orc_Idle_006.png
  artifactKey: Guid(6ab9f0a511ad8c5499929be357654713) Importer(815301076,1909f56bfc062723c751e8b465ee728b)
Start importing Assets/Sprites/Personajes/Orc/Idle/0_Orc_Idle_006.png using Guid(6ab9f0a511ad8c5499929be357654713) Importer(815301076,1909f56bfc062723c751e8b465ee728b)  -> (artifact id: '554bc069c0114eaa1f9e41aa97a2cbcc') in 0.088905 seconds 
========================================================================
Received Import Request.
  Time since last request: 0.000039 seconds.
  path: Assets/Sprites/Personajes/Orc/Idle/0_Orc_Idle_004.png
  artifactKey: Guid(79eb2d5a28d81864183345775dfba2c3) Importer(815301076,1909f56bfc062723c751e8b465ee728b)
Start importing Assets/Sprites/Personajes/Orc/Idle/0_Orc_Idle_004.png using Guid(79eb2d5a28d81864183345775dfba2c3) Importer(815301076,1909f56bfc062723c751e8b465ee728b)  -> (artifact id: 'd13a74a86b0551f85b9e21054342e033') in 0.090808 seconds 
========================================================================
Received Import Request.
  Time since last request: 0.000041 seconds.
  path: Assets/Sprites/Personajes/Orc/Idle/0_Orc_Idle_007.png
  artifactKey: Guid(a8d618599c835ef4faed77725c1b9b20) Importer(815301076,1909f56bfc062723c751e8b465ee728b)
Start importing Assets/Sprites/Personajes/Orc/Idle/0_Orc_Idle_007.png using Guid(a8d618599c835ef4faed77725c1b9b20) Importer(815301076,1909f56bfc062723c751e8b465ee728b)  -> (artifact id: 'c44d8761ef5c8739fe458f9675ebcb48') in 0.109978 seconds 
========================================================================
Received Import Request.
  Time since last request: 0.000038 seconds.
  path: Assets/Sprites/Personajes/Orc/Idle/0_Orc_Idle_010.png
  artifactKey: Guid(5f01525883fc6d84c81a030f9edf3fb2) Importer(815301076,1909f56bfc062723c751e8b465ee728b)
Start importing Assets/Sprites/Personajes/Orc/Idle/0_Orc_Idle_010.png using Guid(5f01525883fc6d84c81a030f9edf3fb2) Importer(815301076,1909f56bfc062723c751e8b465ee728b)  -> (artifact id: '59251c3754ec4b639c8c170856037230') in 0.168615 seconds 
========================================================================
Received Prepare
Registering precompiled user dll's ...
Registered in 0.015070 seconds.
Begin MonoManager ReloadAssembly
Symbol file LoadedFromMemory doesn't match image C:\Users\maric\Documents\GitHub\Proyecto_G5\Proyecto\ProyectoF_Estruc_Videojuegos_G5\Library\PackageCache\com.unity.visualscripting@1.8.0\Editor\VisualScripting.Core\Dependencies\YamlDotNet\Unity.VisualScripting.YamlDotNet.dll
Symbol file LoadedFromMemory doesn't match image C:\Users\maric\Documents\GitHub\Proyecto_G5\Proyecto\ProyectoF_Estruc_Videojuegos_G5\Library\PackageCache\com.unity.visualscripting@1.8.0\Editor\VisualScripting.Core\Dependencies\DotNetZip\Unity.VisualScripting.IonicZip.dll
Native extension for WindowsStandalone target not found
Refreshing native plugins compatible for Editor in 1.94 ms, found 4 plugins.
Preloading 0 native plugins for Editor in 0.00 ms.
Mono: successfully reloaded assembly
- Completed reload, in  1.767 seconds
Domain Reload Profiling:
	ReloadAssembly (1768ms)
		BeginReloadAssembly (205ms)
			ExecutionOrderSort (0ms)
			DisableScriptedObjects (12ms)
			BackupInstance (0ms)
			ReleaseScriptingObjects (0ms)
			CreateAndSetChildDomain (53ms)
		EndReloadAssembly (1385ms)
			LoadAssemblies (143ms)
			RebuildTransferFunctionScriptingTraits (0ms)
			SetupTypeCache (449ms)
			ReleaseScriptCaches (2ms)
			RebuildScriptCaches (83ms)
			SetupLoadedEditorAssemblies (596ms)
				LogAssemblyErrors (0ms)
				InitializePlatformSupportModulesInManaged (10ms)
				SetLoadedEditorAssemblies (1ms)
				RefreshPlugins (2ms)
				BeforeProcessingInitializeOnLoad (131ms)
				ProcessInitializeOnLoadAttributes (366ms)
				ProcessInitializeOnLoadMethodAttributes (70ms)
				AfterProcessingInitializeOnLoad (15ms)
				EditorAssembliesLoaded (0ms)
			ExecutionOrderSort2 (0ms)
			AwakeInstancesAfterBackupRestoration (15ms)
Platform modules already initialized, skipping
Refreshing native plugins compatible for Editor in 4.10 ms, found 4 plugins.
Preloading 0 native plugins for Editor in 0.00 ms.
Unloading 3761 Unused Serialized files (Serialized files now loaded: 0)
Unloading 22 unused Assets / (24.7 KB). Loaded Objects now: 4255.
Memory consumption went from 149.3 MB to 149.2 MB.
Total: 4.392800 ms (FindLiveObjects: 0.508400 ms CreateObjectMapping: 0.158900 ms MarkObjects: 3.696000 ms  DeleteObjects: 0.027700 ms)

AssetImportParameters requested are different than current active one (requested -> active):
  custom:video-decoder-ogg-theora: a1e56fd34408186e4bbccfd4996cb3dc -> 
  custom:container-muxer-webm: aa71ff27fc2769a1b78a27578f13a17b -> 
  custom:container-demuxer-webm: 4f35f7cbe854078d1ac9338744f61a02 -> 
  custom:video-encoder-webm-vp8: eb34c28f22e8b96e1ab97ce403110664 -> 
  custom:video-codec-MediaFoundation-h265: 746d11721c4dcdbdad8f713fa42b33f4 -> 
  custom:audio-encoder-webm-vorbis: bf7c407c2cedff20999df2af8eb42d56 -> 
  custom:framework-win-MediaFoundation: 216162199b28c13a410421893ffa2e32 -> 
  custom:container-demuxer-ogg: 62fdf1f143b41e24485cea50d1cbac27 -> 
  custom:video-decoder-webm-vp8: 9c59270c3fd7afecdb556c50c9e8de78 -> 
  custom:audio-decoder-ogg-vorbis: bf7c407c2cedff20999df2af8eb42d56 -> 
========================================================================
Received Prepare
Registering precompiled user dll's ...
Registered in 0.011295 seconds.
Begin MonoManager ReloadAssembly
Symbol file LoadedFromMemory doesn't match image C:\Users\maric\Documents\GitHub\Proyecto_G5\Proyecto\ProyectoF_Estruc_Videojuegos_G5\Library\PackageCache\com.unity.visualscripting@1.8.0\Editor\VisualScripting.Core\Dependencies\YamlDotNet\Unity.VisualScripting.YamlDotNet.dll
Symbol file LoadedFromMemory doesn't match image C:\Users\maric\Documents\GitHub\Proyecto_G5\Proyecto\ProyectoF_Estruc_Videojuegos_G5\Library\PackageCache\com.unity.visualscripting@1.8.0\Editor\VisualScripting.Core\Dependencies\DotNetZip\Unity.VisualScripting.IonicZip.dll
Native extension for WindowsStandalone target not found
Refreshing native plugins compatible for Editor in 1.93 ms, found 4 plugins.
Preloading 0 native plugins for Editor in 0.00 ms.
Mono: successfully reloaded assembly
- Completed reload, in  1.827 seconds
Domain Reload Profiling:
	ReloadAssembly (1828ms)
		BeginReloadAssembly (218ms)
			ExecutionOrderSort (0ms)
			DisableScriptedObjects (12ms)
			BackupInstance (0ms)
			ReleaseScriptingObjects (0ms)
			CreateAndSetChildDomain (54ms)
		EndReloadAssembly (1427ms)
			LoadAssemblies (152ms)
			RebuildTransferFunctionScriptingTraits (0ms)
			SetupTypeCache (429ms)
			ReleaseScriptCaches (3ms)
			RebuildScriptCaches (79ms)
			SetupLoadedEditorAssemblies (678ms)
				LogAssemblyErrors (0ms)
				InitializePlatformSupportModulesInManaged (10ms)
				SetLoadedEditorAssemblies (1ms)
				RefreshPlugins (2ms)
				BeforeProcessingInitializeOnLoad (129ms)
				ProcessInitializeOnLoadAttributes (451ms)
				ProcessInitializeOnLoadMethodAttributes (70ms)
				AfterProcessingInitializeOnLoad (15ms)
				EditorAssembliesLoaded (0ms)
			ExecutionOrderSort2 (0ms)
			AwakeInstancesAfterBackupRestoration (12ms)
Platform modules already initialized, skipping
Refreshing native plugins compatible for Editor in 5.26 ms, found 4 plugins.
Preloading 0 native plugins for Editor in 0.00 ms.
Unloading 3761 Unused Serialized files (Serialized files now loaded: 0)
Unloading 22 unused Assets / (25.7 KB). Loaded Objects now: 4258.
Memory consumption went from 149.3 MB to 149.2 MB.
Total: 4.592300 ms (FindLiveObjects: 0.412900 ms CreateObjectMapping: 0.106300 ms MarkObjects: 4.026600 ms  DeleteObjects: 0.045100 ms)

AssetImportParameters requested are different than current active one (requested -> active):
  custom:video-decoder-ogg-theora: a1e56fd34408186e4bbccfd4996cb3dc -> 
  custom:container-muxer-webm: aa71ff27fc2769a1b78a27578f13a17b -> 
  custom:container-demuxer-webm: 4f35f7cbe854078d1ac9338744f61a02 -> 
  custom:video-encoder-webm-vp8: eb34c28f22e8b96e1ab97ce403110664 -> 
  custom:video-codec-MediaFoundation-h265: 746d11721c4dcdbdad8f713fa42b33f4 -> 
  custom:audio-encoder-webm-vorbis: bf7c407c2cedff20999df2af8eb42d56 -> 
  custom:framework-win-MediaFoundation: 216162199b28c13a410421893ffa2e32 -> 
  custom:container-demuxer-ogg: 62fdf1f143b41e24485cea50d1cbac27 -> 
  custom:video-decoder-webm-vp8: 9c59270c3fd7afecdb556c50c9e8de78 -> 
  custom:audio-decoder-ogg-vorbis: bf7c407c2cedff20999df2af8eb42d56 -> 
Editor requested this worker to shutdown with reason: Scaling down because of idle timeout
AssetImportWorker is now disconnected from the server
Process exiting
Exiting without the bug reporter. Application will terminate with return code 0